<?xml version="1.0" encoding="UTF-8"?>
<!-- Generated by org.testng.reporters.JUnitReportReporter -->
<testsuite hostname="DESKTOP-OMGE8E1" failures="0" tests="1" name="practice.SampleTest" time="3.471" errors="0" timestamp="2024-11-29T13:22:34 IST" skipped="0">
  <testcase classname="practice.SampleTest" name="getResponse" time="3.471"/>
  <system-out/>
</testsuite> <!-- practice.SampleTest -->
