<?xml version="1.0" encoding="UTF-8"?>
<!-- Generated by org.testng.reporters.JUnitReportReporter -->
<testsuite hostname="DESKTOP-OMGE8E1" failures="0" tests="1" name="practice.PostRequestTypes.PostReq_Via_JsonFileTest" time="4.698" errors="0" timestamp="2024-12-05T12:14:47 IST" skipped="0">
  <testcase classname="practice.PostRequestTypes.PostReq_Via_JsonFileTest" name="pstDataToServer" time="4.698"/>
  <system-out/>
</testsuite> <!-- practice.PostRequestTypes.PostReq_Via_JsonFileTest -->
