<?xml version="1.0" encoding="UTF-8"?>
<!-- Generated by org.testng.reporters.JUnitReportReporter -->
<testsuite hostname="DESKTOP-OMGE8E1" failures="0" tests="1" name="practice.SampletestusingMEthodChainingTest" time="4.287" errors="0" timestamp="2024-11-29T15:58:42 IST" skipped="0">
  <testcase classname="practice.SampletestusingMEthodChainingTest" name="getRequestTest" time="4.287"/>
  <system-out/>
</testsuite> <!-- practice.SampletestusingMEthodChainingTest -->
