<?xml version="1.0" encoding="UTF-8"?>
<!-- Generated by org.testng.reporters.JUnitReportReporter -->
<testsuite hostname="DESKTOP-OMGE8E1" failures="0" tests="1" name="practice.response.Validation.Verify_ResponseBody_via_JsonPath" time="6.407" errors="0" timestamp="2024-12-05T15:03:24 IST" skipped="0">
  <testcase classname="practice.response.Validation.Verify_ResponseBody_via_JsonPath" name="sampleTest" time="6.407"/>
  <system-out/>
</testsuite> <!-- practice.response.Validation.Verify_ResponseBody_via_JsonPath -->
