<?xml version="1.0" encoding="UTF-8"?>
<!-- Generated by org.testng.reporters.JUnitReportReporter -->
<testsuite hostname="DESKTOP-OMGE8E1" failures="0" tests="1" name="practice.Runner" time="0.014" errors="0" timestamp="2024-11-29T13:30:20 IST" skipped="0">
  <testcase classname="practice.Runner" name="sampleTest" time="0.014"/>
  <system-out/>
</testsuite> <!-- practice.Runner -->
