<?xml version="1.0" encoding="UTF-8"?>
<!-- Generated by org.testng.reporters.JUnitReportReporter -->
<testsuite hostname="DESKTOP-OMGE8E1" failures="0" tests="1" name="encryption.UpdatePayRollInfoViaAESencryption" time="4.121" errors="0" timestamp="2024-12-06T12:14:21 IST" skipped="0">
  <testcase classname="encryption.UpdatePayRollInfoViaAESencryption" name="sampleTest" time="4.121"/>
  <system-out/>
</testsuite> <!-- encryption.UpdatePayRollInfoViaAESencryption -->
