<?xml version="1.0" encoding="UTF-8"?>
<!-- Generated by org.testng.reporters.JUnitReportReporter -->
<testsuite hostname="DESKTOP-OMGE8E1" failures="0" tests="1" name="authTest.DigestiveAuthTest2" time="3.489" errors="0" timestamp="2024-12-05T18:50:36 IST" skipped="0">
  <testcase classname="authTest.DigestiveAuthTest2" name="sampleTest" time="3.489"/>
  <system-out/>
</testsuite> <!-- authTest.DigestiveAuthTest2 -->
