<?xml version="1.0" encoding="UTF-8"?>
<!-- Generated by org.testng.reporters.JUnitReportReporter -->
<testsuite hostname="DESKTOP-OMGE8E1" failures="0" tests="1" name="practice.PostRequestTypes.PostReq_Via_HashMapTest" time="4.494" errors="0" timestamp="2024-12-05T12:01:56 IST" skipped="0">
  <testcase classname="practice.PostRequestTypes.PostReq_Via_HashMapTest" name="pstDataToServer" time="4.494"/>
  <system-out/>
</testsuite> <!-- practice.PostRequestTypes.PostReq_Via_HashMapTest -->
