<?xml version="1.0" encoding="UTF-8"?>
<!-- Generated by org.testng.reporters.JUnitReportReporter -->
<testsuite hostname="DESKTOP-OMGE8E1" failures="0" tests="1" name="requestchaining.Scenario_Delete_Proejct" time="6.201" errors="0" timestamp="2024-12-05T16:15:16 IST" skipped="0">
  <testcase classname="requestchaining.Scenario_Delete_Proejct" name="pstDataToServer" time="6.201"/>
  <system-out/>
</testsuite> <!-- requestchaining.Scenario_Delete_Proejct -->
