<?xml version="1.0" encoding="UTF-8"?>
<!-- Generated by org.testng.reporters.JUnitReportReporter -->
<testsuite hostname="DESKTOP-OMGE8E1" failures="0" tests="1" name="panCardMock.PaymentTest" time="3.607" errors="0" timestamp="2024-12-06T17:55:16 IST" skipped="0">
  <testcase classname="panCardMock.PaymentTest" name="sampleTest" time="3.607"/>
  <system-out/>
</testsuite> <!-- panCardMock.PaymentTest -->
