<?xml version="1.0" encoding="UTF-8"?>
<!-- Generated by org.testng.reporters.JUnitReportReporter -->
<testsuite hostname="DESKTOP-OMGE8E1" failures="0" tests="1" name="encryption.EncodeAndDecodeTest" time="0.014" errors="0" timestamp="2024-12-06T10:55:30 IST" skipped="0">
  <testcase classname="encryption.EncodeAndDecodeTest" name="SampleTest" time="0.014"/>
  <system-out/>
</testsuite> <!-- encryption.EncodeAndDecodeTest -->
