<?xml version="1.0" encoding="UTF-8"?>
<!-- Generated by org.testng.reporters.JUnitReportReporter -->
<testsuite hostname="DESKTOP-OMGE8E1" failures="0" tests="1" name="practice.response.Validation.VerifyData_complexJsonpath" time="3.096" errors="0" timestamp="2024-12-05T18:04:05 IST" skipped="0">
  <testcase classname="practice.response.Validation.VerifyData_complexJsonpath" name="sampletest" time="3.096"/>
  <system-out/>
</testsuite> <!-- practice.response.Validation.VerifyData_complexJsonpath -->
