<?xml version="1.0" encoding="UTF-8"?>
<!-- Generated by org.testng.reporters.JUnitReportReporter -->
<testsuite hostname="DESKTOP-OMGE8E1" failures="0" tests="1" name="typesParameter.PathParamTest" time="5.288" errors="0" timestamp="2024-12-05T18:13:04 IST" skipped="0">
  <testcase classname="typesParameter.PathParamTest" name="sampleTest2" time="5.288"/>
  <system-out/>
</testsuite> <!-- typesParameter.PathParamTest -->
