<?xml version="1.0" encoding="UTF-8"?>
<!-- Generated by org.testng.reporters.JUnitReportReporter -->
<testsuite hostname="DESKTOP-OMGE8E1" failures="0" tests="1" name="authTest.Oauth2TokenBearer" time="10.252" errors="0" timestamp="2024-12-06T10:37:32 IST" skipped="0">
  <testcase classname="authTest.Oauth2TokenBearer" name="sampleTest" time="10.252"/>
  <system-out/>
</testsuite> <!-- authTest.Oauth2TokenBearer -->
