<?xml version="1.0" encoding="UTF-8"?>
<!-- Generated by org.testng.reporters.JUnitReportReporter -->
<testsuite hostname="DESKTOP-OMGE8E1" failures="0" tests="1" name="practice.PostRequestTypes.PostReq_Via_PojoClassTest" time="5.266" errors="0" timestamp="2024-12-05T12:26:44 IST" skipped="0">
  <testcase classname="practice.PostRequestTypes.PostReq_Via_PojoClassTest" name="pstDataToServer" time="5.266"/>
  <system-out/>
</testsuite> <!-- practice.PostRequestTypes.PostReq_Via_PojoClassTest -->
