<?xml version="1.0" encoding="UTF-8"?>
<!-- Generated by org.testng.reporters.JUnitReportReporter -->
<testsuite hostname="DESKTOP-OMGE8E1" failures="0" tests="1" name="typesParameter.ParamParamTest2" time="3.951" errors="0" timestamp="2024-12-05T18:19:22 IST" skipped="0">
  <testcase classname="typesParameter.ParamParamTest2" name="sample" time="3.951"/>
  <system-out/>
</testsuite> <!-- typesParameter.ParamParamTest2 -->
