<?xml version="1.0" encoding="UTF-8"?>
<!-- Generated by org.testng.reporters.JUnitReportReporter -->
<testsuite hostname="DESKTOP-OMGE8E1" failures="0" tests="1" name="requestchaining.Scenario_2_AddEmployeeToProject" time="5.639" errors="0" timestamp="2024-12-05T16:28:59 IST" skipped="0">
  <testcase classname="requestchaining.Scenario_2_AddEmployeeToProject" name="sampleTest" time="5.639"/>
  <system-out/>
</testsuite> <!-- requestchaining.Scenario_2_AddEmployeeToProject -->
