<?xml version="1.0" encoding="UTF-8"?>
<!-- Generated by org.testng.reporters.JUnitReportReporter -->
<testsuite hostname="DESKTOP-OMGE8E1" failures="0" tests="7" name="datadrivenTesting.AddMultipleProjectTest" time="5.892" errors="0" timestamp="2024-12-06T14:49:55 IST" skipped="0">
  <testcase classname="datadrivenTesting.AddMultipleProjectTest" name="sampleTest" time="0.275"/>
  <system-out/>
  <testcase classname="datadrivenTesting.AddMultipleProjectTest" name="sampleTest" time="0.305"/>
  <system-out/>
  <testcase classname="datadrivenTesting.AddMultipleProjectTest" name="sampleTest" time="0.288"/>
  <system-out/>
  <testcase classname="datadrivenTesting.AddMultipleProjectTest" name="sampleTest" time="0.301"/>
  <system-out/>
  <testcase classname="datadrivenTesting.AddMultipleProjectTest" name="sampleTest" time="0.275"/>
  <system-out/>
  <testcase classname="datadrivenTesting.AddMultipleProjectTest" name="sampleTest" time="4.131"/>
  <system-out/>
  <testcase classname="datadrivenTesting.AddMultipleProjectTest" name="sampleTest" time="0.317"/>
  <system-out/>
</testsuite> <!-- datadrivenTesting.AddMultipleProjectTest -->
