<?xml version="1.0" encoding="UTF-8"?>
<!-- Generated by org.testng.reporters.JUnitReportReporter -->
<testsuite hostname="DESKTOP-OMGE8E1" failures="0" tests="1" name="typesParameter.FormParamTest" time="3.226" errors="0" timestamp="2024-12-05T18:17:47 IST" skipped="0">
  <testcase classname="typesParameter.FormParamTest" name="sample" time="3.226"/>
  <system-out/>
</testsuite> <!-- typesParameter.FormParamTest -->
