<?xml version="1.0" encoding="UTF-8"?>
<!-- Generated by org.testng.reporters.JUnitReportReporter -->
<testsuite hostname="DESKTOP-OMGE8E1" failures="0" tests="1" name="encryption.Api_EncodeTest" time="3.538" errors="0" timestamp="2024-12-06T11:00:21 IST" skipped="0">
  <testcase classname="encryption.Api_EncodeTest" name="SampleTest" time="3.538"/>
  <system-out/>
</testsuite> <!-- encryption.Api_EncodeTest -->
