<?xml version="1.0" encoding="UTF-8"?>
<!-- Generated by org.testng.reporters.JUnitReportReporter -->
<testsuite hostname="DESKTOP-OMGE8E1" failures="0" tests="1" name="requestchaining.Scenario_3_getPayrollinfo" time="7.489" errors="0" timestamp="2024-12-05T17:18:39 IST" skipped="0">
  <testcase classname="requestchaining.Scenario_3_getPayrollinfo" name="sampleTest" time="7.489"/>
  <system-out/>
</testsuite> <!-- requestchaining.Scenario_3_getPayrollinfo -->
