<?xml version="1.0" encoding="UTF-8"?>
<!-- Generated by org.testng.reporters.JUnitReportReporter -->
<testsuite hostname="DESKTOP-OMGE8E1" failures="0" tests="1" name="authTest.Oauth2bearerToken" time="4.960" errors="0" timestamp="2024-12-06T10:09:19 IST" skipped="0">
  <testcase classname="authTest.Oauth2bearerToken" name="sampleTest" time="4.960"/>
  <system-out/>
</testsuite> <!-- authTest.Oauth2bearerToken -->
