<?xml version="1.0" encoding="UTF-8"?>
<!-- Generated by org.testng.reporters.JUnitReportReporter -->
<testsuite hostname="DESKTOP-OMGE8E1" failures="0" tests="1" name="authTest.PreAuthTest3" time="3.258" errors="0" timestamp="2024-12-05T18:51:31 IST" skipped="0">
  <testcase classname="authTest.PreAuthTest3" name="sampleTest" time="3.258"/>
  <system-out/>
</testsuite> <!-- authTest.PreAuthTest3 -->
