<?xml version="1.0" encoding="UTF-8"?>
<!-- Generated by org.testng.reporters.JUnitReportReporter -->
<testsuite hostname="DESKTOP-OMGE8E1" failures="0" tests="1" name="encryption.AESEnpTest" time="0.078" errors="0" timestamp="2024-12-06T12:03:56 IST" skipped="0">
  <testcase classname="encryption.AESEnpTest" name="SampleTest" time="0.078"/>
  <system-out/>
</testsuite> <!-- encryption.AESEnpTest -->
