<?xml version="1.0" encoding="UTF-8"?>
<!-- Generated by org.testng.reporters.JUnitReportReporter -->
<testsuite hostname="DESKTOP-OMGE8E1" failures="0" tests="1" name="com.crudwithouBDD.SampleTestforRead" time="4.003" errors="0" timestamp="2024-11-29T16:32:12 IST" skipped="0">
  <testcase classname="com.crudwithouBDD.SampleTestforRead" name="DeleteDataToServer" time="4.003"/>
  <system-out/>
</testsuite> <!-- com.crudwithouBDD.SampleTestforRead -->
