<?xml version="1.0" encoding="UTF-8"?>
<!-- Generated by org.testng.reporters.JUnitReportReporter -->
<testsuite hostname="DESKTOP-OMGE8E1" failures="0" tests="1" name="com.withBDDtesting.SampleTestForReadTest" time="2.785" errors="0" timestamp="2024-11-29T17:52:21 IST" skipped="0">
  <testcase classname="com.withBDDtesting.SampleTestForReadTest" name="DeleteDataToServer" time="2.785"/>
  <system-out/>
</testsuite> <!-- com.withBDDtesting.SampleTestForReadTest -->
