<?xml version="1.0" encoding="UTF-8"?>
<!-- Generated by org.testng.reporters.JUnitReportReporter -->
<testsuite hostname="DESKTOP-OMGE8E1" failures="0" tests="1" name="practice.response.Validation.VerifyResponseHeaderTest" time="6.654" errors="0" timestamp="2024-12-05T12:50:30 IST" skipped="0">
  <testcase classname="practice.response.Validation.VerifyResponseHeaderTest" name="verifyHeader" time="6.654"/>
  <system-out/>
</testsuite> <!-- practice.response.Validation.VerifyResponseHeaderTest -->
