<?xml version="1.0" encoding="UTF-8"?>
<!-- Generated by org.testng.reporters.JUnitReportReporter -->
<testsuite hostname="DESKTOP-OMGE8E1" failures="0" tests="1" name="practice.response.Validation.VerifyResponseTime" time="4.150" errors="0" timestamp="2024-12-05T13:02:26 IST" skipped="0">
  <testcase classname="practice.response.Validation.VerifyResponseTime" name="verifyHeader" time="4.150"/>
  <system-out/>
</testsuite> <!-- practice.response.Validation.VerifyResponseTime -->
