<?xml version="1.0" encoding="UTF-8"?>
<!-- Generated by org.testng.reporters.JUnitReportReporter -->
<testsuite hostname="DESKTOP-OMGE8E1" failures="0" tests="1" name="practice.Runnner2" time="0.014" errors="0" timestamp="2024-11-29T14:24:25 IST" skipped="0">
  <testcase classname="practice.Runnner2" name="sampletest" time="0.014"/>
  <system-out/>
</testsuite> <!-- practice.Runnner2 -->
